<?xml version="1.0" encoding="UTF-8"?>
<!-- Generated by org.testng.reporters.JUnitXMLReporter -->
<testsuite ignored="3" hostname="JIGGYS-LAPTOP" failures="1" tests="8" name="Regression" time="0.065" errors="0" timestamp="2025-05-05T17:39:50 GMT">
  <testcase classname="tests.day1" name="first" time="0.006"/>
  <testcase classname="tests.day1" name="second" time="0.001"/>
  <testcase classname="tests.day3" name="APICarloan" time="0.001"/>
  <testcase classname="tests.day3" name="MobilesignoutCarLoan" time="0.001"/>
  <testcase classname="tests.day3" name="WebloginCarloan" time="0.0">
    <failure type="org.testng.TestNGException" message="
Parameter &amp;apos;URL&amp;apos; is required by @Test on method WebloginCarloan but has not been marked @Optional or defined
in C:\Users\jimjb\eclipse-workspace\FirstProject\testng3.xml">
      <![CDATA[org.testng.TestNGException: 
Parameter 'URL' is required by @Test on method WebloginCarloan but has not been marked @Optional or defined
in C:\Users\jimjb\eclipse-workspace\FirstProject\testng3.xml
at java.base/java.util.ArrayList.forEach(ArrayList.java:1596)
... Removed 26 stack frames]]>
    </failure>
  </testcase> <!-- WebloginCarloan -->
  <testcase classname="tests.day3" name="MobileloginCarLoan" time="0.001">
    <skipped/>
  </testcase> <!-- MobileloginCarLoan -->
  <testcase classname="tests.day4" name="LoginAPIHomeloan" time="0.001"/>
  <testcase classname="tests.day4" name="WebloginHomeloan" time="0.001"/>
  <testcase classname="tests.day2" name="hark" time="0.0">
    <ignored/>
  </testcase> <!-- hark -->
  <testcase classname="tests.day4" name="MobileloginHomeLoan" time="0.0">
    <ignored/>
  </testcase> <!-- MobileloginHomeLoan -->
  <testcase classname="tests.day3" name="MobilesigninCarLoan" time="0.0">
    <ignored/>
  </testcase> <!-- MobilesigninCarLoan -->
</testsuite> <!-- Regression -->
